# JRE version: OpenJDK Runtime Environment Temurin-21.0.10+7 (21.0.10+7) (build 21.0.10+7-LTS)
# Java VM: OpenJDK 64-Bit Server VM Temurin-21.0.10+7 (21.0.10+7-LTS, mixed mode, sharing, tiered, compressed oops, compressed class ptrs, parallel gc, windows-amd64)
GC Precious Log:
 CardTable entry size: 512
 CPUs: 12 total, 12 available
 Memory: 7541M
 Large Page Support: Disabled
 NUMA Support: Disabled
 Compressed Oops: Enabled (32-bit)
 Alignments: Space 512K, Generation 512K, Heap 2M
 Heap Min Capacity: 100M
 Heap Initial Capacity: 100M
 Heap Max Capacity: 2G
 Pre-touch: Disabled
 Parallel Workers: 10
Heap:
 PSYoungGen      total 23552K, used 8141K [0x00000000d5580000, 0x00000000d7400000, 0x0000000100000000)
  eden space 22016K, 30% used [0x00000000d5580000,0x00000000d5bf74c0,0x00000000d6b00000)
  from space 1536K, 98% used [0x00000000d6b00000,0x00000000d6c7c020,0x00000000d6c80000)
  to   space 4608K, 0% used [0x00000000d6f80000,0x00000000d6f80000,0x00000000d7400000)
 ParOldGen       total 68608K, used 35313K [0x0000000080000000, 0x0000000084300000, 0x00000000d5580000)
  object space 68608K, 51% used [0x0000000080000000,0x000000008227c6d8,0x0000000084300000)
 Metaspace       used 63287K, committed 64576K, reserved 1114112K
  class space    used 6317K, committed 6912K, reserved 1048576K
GC Heap History (20 events):
Event: 14.373 GC heap before
{Heap before GC invocations=21 (full 2):
 PSYoungGen      total 23552K, used 23536K [0x00000000d5580000, 0x00000000d7000000, 0x0000000100000000)
  eden space 22016K, 100% used [0x00000000d5580000,0x00000000d6b00000,0x00000000d6b00000)
  from space 1536K, 98% used [0x00000000d6e80000,0x00000000d6ffc250,0x00000000d7000000)
  to   space 2048K, 0% used [0x00000000d6c00000,0x00000000d6c00000,0x00000000d6e00000)
 ParOldGen       total 68608K, used 23454K [0x0000000080000000, 0x0000000084300000, 0x00000000d5580000)
  object space 68608K, 34% used [0x0000000080000000,0x00000000816e7af8,0x0000000084300000)
 Metaspace       used 53998K, committed 55040K, reserved 1114112K
  class space    used 5408K, committed 5888K, reserved 1048576K
}
Event: 14.377 GC heap after
{Heap after GC invocations=21 (full 2):
 PSYoungGen      total 23552K, used 1435K [0x00000000d5580000, 0x00000000d6f00000, 0x0000000100000000)
  eden space 22016K, 0% used [0x00000000d5580000,0x00000000d5580000,0x00000000d6b00000)
  from space 1536K, 93% used [0x00000000d6c00000,0x00000000d6d66e98,0x00000000d6d80000)
  to   space 1536K, 0% used [0x00000000d6d80000,0x00000000d6d80000,0x00000000d6f00000)
 ParOldGen       total 68608K, used 24794K [0x0000000080000000, 0x0000000084300000, 0x00000000d5580000)
  object space 68608K, 36% used [0x0000000080000000,0x0000000081836b38,0x0000000084300000)
 Metaspace       used 53998K, committed 55040K, reserved 1114112K
  class space    used 5408K, committed 5888K, reserved 1048576K
}
Event: 15.472 GC heap before
{Heap before GC invocations=22 (full 2):
 PSYoungGen      total 23552K, used 23451K [0x00000000d5580000, 0x00000000d6f00000, 0x0000000100000000)
  eden space 22016K, 100% used [0x00000000d5580000,0x00000000d6b00000,0x00000000d6b00000)
  from space 1536K, 93% used [0x00000000d6c00000,0x00000000d6d66e98,0x00000000d6d80000)
  to   space 1536K, 0% used [0x00000000d6d80000,0x00000000d6d80000,0x00000000d6f00000)
 ParOldGen       total 68608K, used 24794K [0x0000000080000000, 0x0000000084300000, 0x00000000d5580000)
  object space 68608K, 36% used [0x0000000080000000,0x0000000081836b38,0x0000000084300000)
 Metaspace       used 56959K, committed 58112K, reserved 1114112K
  class space    used 5691K, committed 6208K, reserved 1048576K
}
Event: 15.474 GC heap after
{Heap after GC invocations=22 (full 2):
 PSYoungGen      total 23552K, used 1152K [0x00000000d5580000, 0x00000000d6f00000, 0x0000000100000000)
  eden space 22016K, 0% used [0x00000000d5580000,0x00000000d5580000,0x00000000d6b00000)
  from space 1536K, 75% used [0x00000000d6d80000,0x00000000d6ea0000,0x00000000d6f00000)
  to   space 1536K, 0% used [0x00000000d6c00000,0x00000000d6c00000,0x00000000d6d80000)
 ParOldGen       total 68608K, used 26014K [0x0000000080000000, 0x0000000084300000, 0x00000000d5580000)
  object space 68608K, 37% used [0x0000000080000000,0x0000000081967bf0,0x0000000084300000)
 Metaspace       used 56959K, committed 58112K, reserved 1114112K
  class space    used 5691K, committed 6208K, reserved 1048576K
}
Event: 15.849 GC heap before
{Heap before GC invocations=23 (full 2):
 PSYoungGen      total 23552K, used 13942K [0x00000000d5580000, 0x00000000d6f00000, 0x0000000100000000)
  eden space 22016K, 58% used [0x00000000d5580000,0x00000000d61fd820,0x00000000d6b00000)
  from space 1536K, 75% used [0x00000000d6d80000,0x00000000d6ea0000,0x00000000d6f00000)
  to   space 1536K, 0% used [0x00000000d6c00000,0x00000000d6c00000,0x00000000d6d80000)
 ParOldGen       total 68608K, used 26014K [0x0000000080000000, 0x0000000084300000, 0x00000000d5580000)
  object space 68608K, 37% used [0x0000000080000000,0x0000000081967bf0,0x0000000084300000)
 Metaspace       used 58609K, committed 59776K, reserved 1114112K
  class space    used 5884K, committed 6400K, reserved 1048576K
}
Event: 15.851 GC heap after
{Heap after GC invocations=23 (full 2):
 PSYoungGen      total 23552K, used 1312K [0x00000000d5580000, 0x00000000d6e00000, 0x0000000100000000)
  eden space 22016K, 0% used [0x00000000d5580000,0x00000000d5580000,0x00000000d6b00000)
  from space 1536K, 85% used [0x00000000d6c00000,0x00000000d6d48010,0x00000000d6d80000)
  to   space 512K, 0% used [0x00000000d6d80000,0x00000000d6d80000,0x00000000d6e00000)
 ParOldGen       total 68608K, used 27018K [0x0000000080000000, 0x0000000084300000, 0x00000000d5580000)
  object space 68608K, 39% used [0x0000000080000000,0x0000000081a62838,0x0000000084300000)
 Metaspace       used 58609K, committed 59776K, reserved 1114112K
  class space    used 5884K, committed 6400K, reserved 1048576K
}
Event: 15.851 GC heap before
{Heap before GC invocations=24 (full 3):
 PSYoungGen      total 23552K, used 1312K [0x00000000d5580000, 0x00000000d6e00000, 0x0000000100000000)
  eden space 22016K, 0% used [0x00000000d5580000,0x00000000d5580000,0x00000000d6b00000)
  from space 1536K, 85% used [0x00000000d6c00000,0x00000000d6d48010,0x00000000d6d80000)
  to   space 512K, 0% used [0x00000000d6d80000,0x00000000d6d80000,0x00000000d6e00000)
 ParOldGen       total 68608K, used 27018K [0x0000000080000000, 0x0000000084300000, 0x00000000d5580000)
  object space 68608K, 39% used [0x0000000080000000,0x0000000081a62838,0x0000000084300000)
 Metaspace       used 58609K, committed 59776K, reserved 1114112K
  class space    used 5884K, committed 6400K, reserved 1048576K
}
Event: 15.900 GC heap after
{Heap after GC invocations=24 (full 3):
 PSYoungGen      total 23552K, used 0K [0x00000000d5580000, 0x00000000d6e00000, 0x0000000100000000)
  eden space 22016K, 0% used [0x00000000d5580000,0x00000000d5580000,0x00000000d6b00000)
  from space 1536K, 0% used [0x00000000d6c00000,0x00000000d6c00000,0x00000000d6d80000)
  to   space 512K, 0% used [0x00000000d6d80000,0x00000000d6d80000,0x00000000d6e00000)
 ParOldGen       total 68608K, used 26846K [0x0000000080000000, 0x0000000084300000, 0x00000000d5580000)
  object space 68608K, 39% used [0x0000000080000000,0x0000000081a37970,0x0000000084300000)
 Metaspace       used 58609K, committed 59776K, reserved 1114112K
  class space    used 5884K, committed 6400K, reserved 1048576K
}
Event: 18.343 GC heap before
{Heap before GC invocations=25 (full 3):
 PSYoungGen      total 23552K, used 22016K [0x00000000d5580000, 0x00000000d6e00000, 0x0000000100000000)
  eden space 22016K, 100% used [0x00000000d5580000,0x00000000d6b00000,0x00000000d6b00000)
  from space 1536K, 0% used [0x00000000d6c00000,0x00000000d6c00000,0x00000000d6d80000)
  to   space 512K, 0% used [0x00000000d6d80000,0x00000000d6d80000,0x00000000d6e00000)
 ParOldGen       total 68608K, used 26846K [0x0000000080000000, 0x0000000084300000, 0x00000000d5580000)
  object space 68608K, 39% used [0x0000000080000000,0x0000000081a37970,0x0000000084300000)
 Metaspace       used 60438K, committed 61632K, reserved 1114112K
  class space    used 6087K, committed 6656K, reserved 1048576K
}
Event: 18.346 GC heap after
{Heap after GC invocations=25 (full 3):
 PSYoungGen      total 22528K, used 512K [0x00000000d5580000, 0x00000000d7000000, 0x0000000100000000)
  eden space 22016K, 0% used [0x00000000d5580000,0x00000000d5580000,0x00000000d6b00000)
  from space 512K, 100% used [0x00000000d6d80000,0x00000000d6e00000,0x00000000d6e00000)
  to   space 2560K, 0% used [0x00000000d6b00000,0x00000000d6b00000,0x00000000d6d80000)
 ParOldGen       total 68608K, used 28455K [0x0000000080000000, 0x0000000084300000, 0x00000000d5580000)
  object space 68608K, 41% used [0x0000000080000000,0x0000000081bc9eb0,0x0000000084300000)
 Metaspace       used 60438K, committed 61632K, reserved 1114112K
  class space    used 6087K, committed 6656K, reserved 1048576K
}
Event: 20.772 GC heap before
{Heap before GC invocations=26 (full 3):
 PSYoungGen      total 22528K, used 22528K [0x00000000d5580000, 0x00000000d7000000, 0x0000000100000000)
  eden space 22016K, 100% used [0x00000000d5580000,0x00000000d6b00000,0x00000000d6b00000)
  from space 512K, 100% used [0x00000000d6d80000,0x00000000d6e00000,0x00000000d6e00000)
  to   space 2560K, 0% used [0x00000000d6b00000,0x00000000d6b00000,0x00000000d6d80000)
 ParOldGen       total 68608K, used 28455K [0x0000000080000000, 0x0000000084300000, 0x00000000d5580000)
  object space 68608K, 41% used [0x0000000080000000,0x0000000081bc9eb0,0x0000000084300000)
 Metaspace       used 60743K, committed 61952K, reserved 1114112K
  class space    used 6092K, committed 6656K, reserved 1048576K
}
Event: 20.774 GC heap after
{Heap after GC invocations=26 (full 3):
 PSYoungGen      total 24064K, used 1728K [0x00000000d5580000, 0x00000000d6f00000, 0x0000000100000000)
  eden space 22016K, 0% used [0x00000000d5580000,0x00000000d5580000,0x00000000d6b00000)
  from space 2048K, 84% used [0x00000000d6b00000,0x00000000d6cb0010,0x00000000d6d00000)
  to   space 2048K, 0% used [0x00000000d6d00000,0x00000000d6d00000,0x00000000d6f00000)
 ParOldGen       total 68608K, used 28927K [0x0000000080000000, 0x0000000084300000, 0x00000000d5580000)
  object space 68608K, 42% used [0x0000000080000000,0x0000000081c3ff00,0x0000000084300000)
 Metaspace       used 60743K, committed 61952K, reserved 1114112K
  class space    used 6092K, committed 6656K, reserved 1048576K
}
Event: 21.979 GC heap before
{Heap before GC invocations=27 (full 3):
 PSYoungGen      total 24064K, used 23731K [0x00000000d5580000, 0x00000000d6f00000, 0x0000000100000000)
  eden space 22016K, 99% used [0x00000000d5580000,0x00000000d6afccf0,0x00000000d6b00000)
  from space 2048K, 84% used [0x00000000d6b00000,0x00000000d6cb0010,0x00000000d6d00000)
  to   space 2048K, 0% used [0x00000000d6d00000,0x00000000d6d00000,0x00000000d6f00000)
 ParOldGen       total 68608K, used 28927K [0x0000000080000000, 0x0000000084300000, 0x00000000d5580000)
  object space 68608K, 42% used [0x0000000080000000,0x0000000081c3ff00,0x0000000084300000)
 Metaspace       used 60963K, committed 62208K, reserved 1114112K
  class space    used 6092K, committed 6656K, reserved 1048576K
}
Event: 21.981 GC heap after
{Heap after GC invocations=27 (full 3):
 PSYoungGen      total 24064K, used 1888K [0x00000000d5580000, 0x00000000d6f00000, 0x0000000100000000)
  eden space 22016K, 0% used [0x00000000d5580000,0x00000000d5580000,0x00000000d6b00000)
  from space 2048K, 92% used [0x00000000d6d00000,0x00000000d6ed8000,0x00000000d6f00000)
  to   space 2048K, 0% used [0x00000000d6b00000,0x00000000d6b00000,0x00000000d6d00000)
 ParOldGen       total 68608K, used 30435K [0x0000000080000000, 0x0000000084300000, 0x00000000d5580000)
  object space 68608K, 44% used [0x0000000080000000,0x0000000081db8fa8,0x0000000084300000)
 Metaspace       used 60963K, committed 62208K, reserved 1114112K
  class space    used 6092K, committed 6656K, reserved 1048576K
}
Event: 22.555 GC heap before
{Heap before GC invocations=28 (full 3):
 PSYoungGen      total 24064K, used 23904K [0x00000000d5580000, 0x00000000d6f00000, 0x0000000100000000)
  eden space 22016K, 100% used [0x00000000d5580000,0x00000000d6b00000,0x00000000d6b00000)
  from space 2048K, 92% used [0x00000000d6d00000,0x00000000d6ed8000,0x00000000d6f00000)
  to   space 2048K, 0% used [0x00000000d6b00000,0x00000000d6b00000,0x00000000d6d00000)
 ParOldGen       total 68608K, used 30435K [0x0000000080000000, 0x0000000084300000, 0x00000000d5580000)
  object space 68608K, 44% used [0x0000000080000000,0x0000000081db8fa8,0x0000000084300000)
 Metaspace       used 61447K, committed 62656K, reserved 1114112K
  class space    used 6151K, committed 6720K, reserved 1048576K
}
Event: 22.557 GC heap after
{Heap after GC invocations=28 (full 3):
 PSYoungGen      total 23552K, used 1104K [0x00000000d5580000, 0x00000000d6e00000, 0x0000000100000000)
  eden space 22016K, 0% used [0x00000000d5580000,0x00000000d5580000,0x00000000d6b00000)
  from space 1536K, 71% used [0x00000000d6b00000,0x00000000d6c14038,0x00000000d6c80000)
  to   space 1536K, 0% used [0x00000000d6c80000,0x00000000d6c80000,0x00000000d6e00000)
 ParOldGen       total 68608K, used 31933K [0x0000000080000000, 0x0000000084300000, 0x00000000d5580000)
  object space 68608K, 46% used [0x0000000080000000,0x0000000081f2f6c0,0x0000000084300000)
 Metaspace       used 61447K, committed 62656K, reserved 1114112K
  class space    used 6151K, committed 6720K, reserved 1048576K
}
Event: 23.019 GC heap before
{Heap before GC invocations=29 (full 3):
 PSYoungGen      total 23552K, used 23120K [0x00000000d5580000, 0x00000000d6e00000, 0x0000000100000000)
  eden space 22016K, 100% used [0x00000000d5580000,0x00000000d6b00000,0x00000000d6b00000)
  from space 1536K, 71% used [0x00000000d6b00000,0x00000000d6c14038,0x00000000d6c80000)
  to   space 1536K, 0% used [0x00000000d6c80000,0x00000000d6c80000,0x00000000d6e00000)
 ParOldGen       total 68608K, used 31933K [0x0000000080000000, 0x0000000084300000, 0x00000000d5580000)
  object space 68608K, 46% used [0x0000000080000000,0x0000000081f2f6c0,0x0000000084300000)
 Metaspace       used 62308K, committed 63616K, reserved 1114112K
  class space    used 6248K, committed 6848K, reserved 1048576K
}
Event: 23.021 GC heap after
{Heap after GC invocations=29 (full 3):
 PSYoungGen      total 23552K, used 1367K [0x00000000d5580000, 0x00000000d6e00000, 0x0000000100000000)
  eden space 22016K, 0% used [0x00000000d5580000,0x00000000d5580000,0x00000000d6b00000)
  from space 1536K, 89% used [0x00000000d6c80000,0x00000000d6dd5f60,0x00000000d6e00000)
  to   space 1536K, 0% used [0x00000000d6b00000,0x00000000d6b00000,0x00000000d6c80000)
 ParOldGen       total 68608K, used 32911K [0x0000000080000000, 0x0000000084300000, 0x00000000d5580000)
  object space 68608K, 47% used [0x0000000080000000,0x0000000082023e28,0x0000000084300000)
 Metaspace       used 62308K, committed 63616K, reserved 1114112K
  class space    used 6248K, committed 6848K, reserved 1048576K
}
Event: 23.832 GC heap before
{Heap before GC invocations=30 (full 3):
 PSYoungGen      total 23552K, used 23383K [0x00000000d5580000, 0x00000000d6e00000, 0x0000000100000000)
  eden space 22016K, 100% used [0x00000000d5580000,0x00000000d6b00000,0x00000000d6b00000)
  from space 1536K, 89% used [0x00000000d6c80000,0x00000000d6dd5f60,0x00000000d6e00000)
  to   space 1536K, 0% used [0x00000000d6b00000,0x00000000d6b00000,0x00000000d6c80000)
 ParOldGen       total 68608K, used 32911K [0x0000000080000000, 0x0000000084300000, 0x00000000d5580000)
  object space 68608K, 47% used [0x0000000080000000,0x0000000082023e28,0x0000000084300000)
 Metaspace       used 63236K, committed 64512K, reserved 1114112K
  class space    used 6315K, committed 6912K, reserved 1048576K
}
Event: 23.836 GC heap after
{Heap after GC invocations=30 (full 3):
 PSYoungGen      total 23552K, used 1520K [0x00000000d5580000, 0x00000000d7400000, 0x0000000100000000)
  eden space 22016K, 0% used [0x00000000d5580000,0x00000000d5580000,0x00000000d6b00000)
  from space 1536K, 98% used [0x00000000d6b00000,0x00000000d6c7c020,0x00000000d6c80000)
  to   space 4608K, 0% used [0x00000000d6f80000,0x00000000d6f80000,0x00000000d7400000)
 ParOldGen       total 68608K, used 35313K [0x0000000080000000, 0x0000000084300000, 0x00000000d5580000)
  object space 68608K, 51% used [0x0000000080000000,0x000000008227c6d8,0x0000000084300000)
 Metaspace       used 63236K, committed 64512K, reserved 1114112K
  class space    used 6315K, committed 6912K, reserved 1048576K
}

