# JRE version: OpenJDK Runtime Environment Temurin-21.0.10+7 (21.0.10+7) (build 21.0.10+7-LTS)
# Java VM: OpenJDK 64-Bit Server VM Temurin-21.0.10+7 (21.0.10+7-LTS, mixed mode, sharing, tiered, compressed oops, compressed class ptrs, parallel gc, windows-amd64)
GC Precious Log:
 CardTable entry size: 512
 CPUs: 12 total, 12 available
 Memory: 7541M
 Large Page Support: Disabled
 NUMA Support: Disabled
 Compressed Oops: Enabled (32-bit)
 Alignments: Space 512K, Generation 512K, Heap 2M
 Heap Min Capacity: 100M
 Heap Initial Capacity: 100M
 Heap Max Capacity: 2G
 Pre-touch: Disabled
 Parallel Workers: 10
Heap:
 PSYoungGen      total 16896K, used 477K [0x00000000d5580000, 0x00000000d6b80000, 0x0000000100000000)
  eden space 16384K, 2% used [0x00000000d5580000,0x00000000d55f74c8,0x00000000d6580000)
  from space 512K, 0% used [0x00000000d6680000,0x00000000d6680000,0x00000000d6700000)
  to   space 3072K, 0% used [0x00000000d6880000,0x00000000d6880000,0x00000000d6b80000)
 ParOldGen       total 79872K, used 68460K [0x0000000080000000, 0x0000000084e00000, 0x00000000d5580000)
  object space 79872K, 85% used [0x0000000080000000,0x00000000842db030,0x0000000084e00000)
 Metaspace       used 72439K, committed 73856K, reserved 1179648K
  class space    used 7091K, committed 7744K, reserved 1048576K
GC Heap History (20 events):
Event: 25.731 GC heap after
{Heap after GC invocations=95 (full 3):
 PSYoungGen      total 23040K, used 832K [0x00000000d5580000, 0x00000000d6f80000, 0x0000000100000000)
  eden space 22016K, 0% used [0x00000000d5580000,0x00000000d5580000,0x00000000d6b00000)
  from space 1024K, 81% used [0x00000000d6e80000,0x00000000d6f50000,0x00000000d6f80000)
  to   space 2048K, 0% used [0x00000000d6b80000,0x00000000d6b80000,0x00000000d6d80000)
 ParOldGen       total 68608K, used 57945K [0x0000000080000000, 0x0000000084300000, 0x00000000d5580000)
  object space 68608K, 84% used [0x0000000080000000,0x0000000083896518,0x0000000084300000)
 Metaspace       used 66168K, committed 67456K, reserved 1114112K
  class space    used 6496K, committed 7104K, reserved 1048576K
}
Event: 26.095 GC heap before
{Heap before GC invocations=96 (full 3):
 PSYoungGen      total 23040K, used 22848K [0x00000000d5580000, 0x00000000d6f80000, 0x0000000100000000)
  eden space 22016K, 100% used [0x00000000d5580000,0x00000000d6b00000,0x00000000d6b00000)
  from space 1024K, 81% used [0x00000000d6e80000,0x00000000d6f50000,0x00000000d6f80000)
  to   space 2048K, 0% used [0x00000000d6b80000,0x00000000d6b80000,0x00000000d6d80000)
 ParOldGen       total 68608K, used 57945K [0x0000000080000000, 0x0000000084300000, 0x00000000d5580000)
  object space 68608K, 84% used [0x0000000080000000,0x0000000083896518,0x0000000084300000)
 Metaspace       used 67560K, committed 68928K, reserved 1114112K
  class space    used 6625K, committed 7296K, reserved 1048576K
}
Event: 26.098 GC heap after
{Heap after GC invocations=96 (full 3):
 PSYoungGen      total 24064K, used 1803K [0x00000000d5580000, 0x00000000d6f00000, 0x0000000100000000)
  eden space 22016K, 0% used [0x00000000d5580000,0x00000000d5580000,0x00000000d6b00000)
  from space 2048K, 88% used [0x00000000d6b80000,0x00000000d6d42ff0,0x00000000d6d80000)
  to   space 1536K, 0% used [0x00000000d6d80000,0x00000000d6d80000,0x00000000d6f00000)
 ParOldGen       total 68608K, used 58538K [0x0000000080000000, 0x0000000084300000, 0x00000000d5580000)
  object space 68608K, 85% used [0x0000000080000000,0x000000008392abc8,0x0000000084300000)
 Metaspace       used 67560K, committed 68928K, reserved 1114112K
  class space    used 6625K, committed 7296K, reserved 1048576K
}
Event: 26.550 GC heap before
{Heap before GC invocations=97 (full 3):
 PSYoungGen      total 24064K, used 23819K [0x00000000d5580000, 0x00000000d6f00000, 0x0000000100000000)
  eden space 22016K, 100% used [0x00000000d5580000,0x00000000d6b00000,0x00000000d6b00000)
  from space 2048K, 88% used [0x00000000d6b80000,0x00000000d6d42ff0,0x00000000d6d80000)
  to   space 1536K, 0% used [0x00000000d6d80000,0x00000000d6d80000,0x00000000d6f00000)
 ParOldGen       total 68608K, used 58538K [0x0000000080000000, 0x0000000084300000, 0x00000000d5580000)
  object space 68608K, 85% used [0x0000000080000000,0x000000008392abc8,0x0000000084300000)
 Metaspace       used 69132K, committed 70528K, reserved 1114112K
  class space    used 6741K, committed 7360K, reserved 1048576K
}
Event: 26.554 GC heap after
{Heap after GC invocations=97 (full 3):
 PSYoungGen      total 20480K, used 1525K [0x00000000d5580000, 0x00000000d7600000, 0x0000000100000000)
  eden space 18944K, 0% used [0x00000000d5580000,0x00000000d5580000,0x00000000d6800000)
  from space 1536K, 99% used [0x00000000d6d80000,0x00000000d6efd528,0x00000000d6f00000)
  to   space 5632K, 0% used [0x00000000d6800000,0x00000000d6800000,0x00000000d6d80000)
 ParOldGen       total 68608K, used 61953K [0x0000000080000000, 0x0000000084300000, 0x00000000d5580000)
  object space 68608K, 90% used [0x0000000080000000,0x0000000083c80410,0x0000000084300000)
 Metaspace       used 69132K, committed 70528K, reserved 1114112K
  class space    used 6741K, committed 7360K, reserved 1048576K
}
Event: 26.869 GC heap before
{Heap before GC invocations=98 (full 3):
 PSYoungGen      total 20480K, used 20469K [0x00000000d5580000, 0x00000000d7600000, 0x0000000100000000)
  eden space 18944K, 100% used [0x00000000d5580000,0x00000000d6800000,0x00000000d6800000)
  from space 1536K, 99% used [0x00000000d6d80000,0x00000000d6efd528,0x00000000d6f00000)
  to   space 5632K, 0% used [0x00000000d6800000,0x00000000d6800000,0x00000000d6d80000)
 ParOldGen       total 68608K, used 61953K [0x0000000080000000, 0x0000000084300000, 0x00000000d5580000)
  object space 68608K, 90% used [0x0000000080000000,0x0000000083c80410,0x0000000084300000)
 Metaspace       used 70106K, committed 71488K, reserved 1114112K
  class space    used 6852K, committed 7488K, reserved 1048576K
}
Event: 26.873 GC heap after
{Heap after GC invocations=98 (full 3):
 PSYoungGen      total 22016K, used 3025K [0x00000000d5580000, 0x00000000d7000000, 0x0000000100000000)
  eden space 18944K, 0% used [0x00000000d5580000,0x00000000d5580000,0x00000000d6800000)
  from space 3072K, 98% used [0x00000000d6800000,0x00000000d6af4470,0x00000000d6b00000)
  to   space 4096K, 0% used [0x00000000d6c00000,0x00000000d6c00000,0x00000000d7000000)
 ParOldGen       total 68608K, used 63370K [0x0000000080000000, 0x0000000084300000, 0x00000000d5580000)
  object space 68608K, 92% used [0x0000000080000000,0x0000000083de2998,0x0000000084300000)
 Metaspace       used 70106K, committed 71488K, reserved 1114112K
  class space    used 6852K, committed 7488K, reserved 1048576K
}
Event: 27.144 GC heap before
{Heap before GC invocations=99 (full 3):
 PSYoungGen      total 22016K, used 21969K [0x00000000d5580000, 0x00000000d7000000, 0x0000000100000000)
  eden space 18944K, 100% used [0x00000000d5580000,0x00000000d6800000,0x00000000d6800000)
  from space 3072K, 98% used [0x00000000d6800000,0x00000000d6af4470,0x00000000d6b00000)
  to   space 4096K, 0% used [0x00000000d6c00000,0x00000000d6c00000,0x00000000d7000000)
 ParOldGen       total 68608K, used 63370K [0x0000000080000000, 0x0000000084300000, 0x00000000d5580000)
  object space 68608K, 92% used [0x0000000080000000,0x0000000083de2998,0x0000000084300000)
 Metaspace       used 70558K, committed 71936K, reserved 1114112K
  class space    used 6912K, committed 7552K, reserved 1048576K
}
Event: 27.149 GC heap after
{Heap after GC invocations=99 (full 3):
 PSYoungGen      total 22528K, used 3256K [0x00000000d5580000, 0x00000000d6f80000, 0x0000000100000000)
  eden space 18944K, 0% used [0x00000000d5580000,0x00000000d5580000,0x00000000d6800000)
  from space 3584K, 90% used [0x00000000d6c00000,0x00000000d6f2e120,0x00000000d6f80000)
  to   space 3584K, 0% used [0x00000000d6880000,0x00000000d6880000,0x00000000d6c00000)
 ParOldGen       total 68608K, used 66155K [0x0000000080000000, 0x0000000084300000, 0x00000000d5580000)
  object space 68608K, 96% used [0x0000000080000000,0x000000008409aee8,0x0000000084300000)
 Metaspace       used 70558K, committed 71936K, reserved 1114112K
  class space    used 6912K, committed 7552K, reserved 1048576K
}
Event: 27.351 GC heap before
{Heap before GC invocations=100 (full 3):
 PSYoungGen      total 22528K, used 22200K [0x00000000d5580000, 0x00000000d6f80000, 0x0000000100000000)
  eden space 18944K, 100% used [0x00000000d5580000,0x00000000d6800000,0x00000000d6800000)
  from space 3584K, 90% used [0x00000000d6c00000,0x00000000d6f2e120,0x00000000d6f80000)
  to   space 3584K, 0% used [0x00000000d6880000,0x00000000d6880000,0x00000000d6c00000)
 ParOldGen       total 68608K, used 66155K [0x0000000080000000, 0x0000000084300000, 0x00000000d5580000)
  object space 68608K, 96% used [0x0000000080000000,0x000000008409aee8,0x0000000084300000)
 Metaspace       used 70749K, committed 72064K, reserved 1114112K
  class space    used 6952K, committed 7552K, reserved 1048576K
}
Event: 27.356 GC heap after
{Heap after GC invocations=100 (full 3):
 PSYoungGen      total 22016K, used 2650K [0x00000000d5580000, 0x00000000d6e00000, 0x0000000100000000)
  eden space 18944K, 0% used [0x00000000d5580000,0x00000000d5580000,0x00000000d6800000)
  from space 3072K, 86% used [0x00000000d6880000,0x00000000d6b169f8,0x00000000d6b80000)
  to   space 2560K, 0% used [0x00000000d6b80000,0x00000000d6b80000,0x00000000d6e00000)
 ParOldGen       total 69120K, used 69109K [0x0000000080000000, 0x0000000084380000, 0x00000000d5580000)
  object space 69120K, 99% used [0x0000000080000000,0x000000008437d780,0x0000000084380000)
 Metaspace       used 70749K, committed 72064K, reserved 1114112K
  class space    used 6952K, committed 7552K, reserved 1048576K
}
Event: 27.573 GC heap before
{Heap before GC invocations=101 (full 3):
 PSYoungGen      total 22016K, used 21594K [0x00000000d5580000, 0x00000000d6e00000, 0x0000000100000000)
  eden space 18944K, 100% used [0x00000000d5580000,0x00000000d6800000,0x00000000d6800000)
  from space 3072K, 86% used [0x00000000d6880000,0x00000000d6b169f8,0x00000000d6b80000)
  to   space 2560K, 0% used [0x00000000d6b80000,0x00000000d6b80000,0x00000000d6e00000)
 ParOldGen       total 69120K, used 69109K [0x0000000080000000, 0x0000000084380000, 0x00000000d5580000)
  object space 69120K, 99% used [0x0000000080000000,0x000000008437d780,0x0000000084380000)
 Metaspace       used 71150K, committed 72512K, reserved 1114112K
  class space    used 6976K, committed 7616K, reserved 1048576K
}
Event: 27.579 GC heap after
{Heap after GC invocations=101 (full 3):
 PSYoungGen      total 18944K, used 2548K [0x00000000d5580000, 0x00000000d7400000, 0x0000000100000000)
  eden space 16384K, 0% used [0x00000000d5580000,0x00000000d5580000,0x00000000d6580000)
  from space 2560K, 99% used [0x00000000d6b80000,0x00000000d6dfd0e0,0x00000000d6e00000)
  to   space 6144K, 0% used [0x00000000d6580000,0x00000000d6580000,0x00000000d6b80000)
 ParOldGen       total 72192K, used 72163K [0x0000000080000000, 0x0000000084680000, 0x00000000d5580000)
  object space 72192K, 99% used [0x0000000080000000,0x0000000084678de0,0x0000000084680000)
 Metaspace       used 71150K, committed 72512K, reserved 1114112K
  class space    used 6976K, committed 7616K, reserved 1048576K
}
Event: 27.985 GC heap before
{Heap before GC invocations=102 (full 3):
 PSYoungGen      total 18944K, used 18932K [0x00000000d5580000, 0x00000000d7400000, 0x0000000100000000)
  eden space 16384K, 100% used [0x00000000d5580000,0x00000000d6580000,0x00000000d6580000)
  from space 2560K, 99% used [0x00000000d6b80000,0x00000000d6dfd0e0,0x00000000d6e00000)
  to   space 6144K, 0% used [0x00000000d6580000,0x00000000d6580000,0x00000000d6b80000)
 ParOldGen       total 72192K, used 72163K [0x0000000080000000, 0x0000000084680000, 0x00000000d5580000)
  object space 72192K, 99% used [0x0000000080000000,0x0000000084678de0,0x0000000084680000)
 Metaspace       used 71488K, committed 72896K, reserved 1179648K
  class space    used 7014K, committed 7616K, reserved 1048576K
}
Event: 27.989 GC heap after
{Heap after GC invocations=102 (full 3):
 PSYoungGen      total 18944K, used 2558K [0x00000000d5580000, 0x00000000d6d80000, 0x0000000100000000)
  eden space 16384K, 0% used [0x00000000d5580000,0x00000000d5580000,0x00000000d6580000)
  from space 2560K, 99% used [0x00000000d6580000,0x00000000d67ff838,0x00000000d6800000)
  to   space 4096K, 0% used [0x00000000d6980000,0x00000000d6980000,0x00000000d6d80000)
 ParOldGen       total 74752K, used 74579K [0x0000000080000000, 0x0000000084900000, 0x00000000d5580000)
  object space 74752K, 99% used [0x0000000080000000,0x00000000848d4e10,0x0000000084900000)
 Metaspace       used 71488K, committed 72896K, reserved 1179648K
  class space    used 7014K, committed 7616K, reserved 1048576K
}
Event: 28.335 GC heap before
{Heap before GC invocations=103 (full 3):
 PSYoungGen      total 18944K, used 18942K [0x00000000d5580000, 0x00000000d6d80000, 0x0000000100000000)
  eden space 16384K, 100% used [0x00000000d5580000,0x00000000d6580000,0x00000000d6580000)
  from space 2560K, 99% used [0x00000000d6580000,0x00000000d67ff838,0x00000000d6800000)
  to   space 4096K, 0% used [0x00000000d6980000,0x00000000d6980000,0x00000000d6d80000)
 ParOldGen       total 74752K, used 74579K [0x0000000080000000, 0x0000000084900000, 0x00000000d5580000)
  object space 74752K, 99% used [0x0000000080000000,0x00000000848d4e10,0x0000000084900000)
 Metaspace       used 72247K, committed 73600K, reserved 1179648K
  class space    used 7076K, committed 7680K, reserved 1048576K
}
Event: 28.338 GC heap after
{Heap after GC invocations=103 (full 3):
 PSYoungGen      total 19456K, used 2820K [0x00000000d5580000, 0x00000000d6c80000, 0x0000000100000000)
  eden space 16384K, 0% used [0x00000000d5580000,0x00000000d5580000,0x00000000d6580000)
  from space 3072K, 91% used [0x00000000d6980000,0x00000000d6c41168,0x00000000d6c80000)
  to   space 3072K, 0% used [0x00000000d6680000,0x00000000d6680000,0x00000000d6980000)
 ParOldGen       total 77312K, used 76947K [0x0000000080000000, 0x0000000084b80000, 0x00000000d5580000)
  object space 77312K, 99% used [0x0000000080000000,0x0000000084b24c30,0x0000000084b80000)
 Metaspace       used 72247K, committed 73600K, reserved 1179648K
  class space    used 7076K, committed 7680K, reserved 1048576K
}
Event: 28.568 GC heap before
{Heap before GC invocations=104 (full 3):
 PSYoungGen      total 19456K, used 19204K [0x00000000d5580000, 0x00000000d6c80000, 0x0000000100000000)
  eden space 16384K, 100% used [0x00000000d5580000,0x00000000d6580000,0x00000000d6580000)
  from space 3072K, 91% used [0x00000000d6980000,0x00000000d6c41168,0x00000000d6c80000)
  to   space 3072K, 0% used [0x00000000d6680000,0x00000000d6680000,0x00000000d6980000)
 ParOldGen       total 77312K, used 76947K [0x0000000080000000, 0x0000000084b80000, 0x00000000d5580000)
  object space 77312K, 99% used [0x0000000080000000,0x0000000084b24c30,0x0000000084b80000)
 Metaspace       used 72420K, committed 73856K, reserved 1179648K
  class space    used 7089K, committed 7744K, reserved 1048576K
}
Event: 28.588 GC heap after
{Heap after GC invocations=104 (full 3):
 PSYoungGen      total 19456K, used 19204K [0x00000000d5580000, 0x00000000d6c80000, 0x0000000100000000)
  eden space 16384K, 100% used [0x00000000d5580000,0x00000000d6580000,0x00000000d6580000)
  from space 3072K, 91% used [0x00000000d6980000,0x00000000d6c41168,0x00000000d6c80000)
  to   space 3072K, 99% used [0x00000000d6680000,0x00000000d697c080,0x00000000d6980000)
 ParOldGen       total 79872K, used 79471K [0x0000000080000000, 0x0000000084e00000, 0x00000000d5580000)
  object space 79872K, 99% used [0x0000000080000000,0x0000000084d9bd48,0x0000000084e00000)
 Metaspace       used 72420K, committed 73856K, reserved 1179648K
  class space    used 7089K, committed 7744K, reserved 1048576K
}
Event: 28.589 GC heap before
{Heap before GC invocations=105 (full 4):
 PSYoungGen      total 19456K, used 19204K [0x00000000d5580000, 0x00000000d6c80000, 0x0000000100000000)
  eden space 16384K, 100% used [0x00000000d5580000,0x00000000d6580000,0x00000000d6580000)
  from space 3072K, 91% used [0x00000000d6980000,0x00000000d6c41168,0x00000000d6c80000)
  to   space 3072K, 99% used [0x00000000d6680000,0x00000000d697c080,0x00000000d6980000)
 ParOldGen       total 79872K, used 79471K [0x0000000080000000, 0x0000000084e00000, 0x00000000d5580000)
  object space 79872K, 99% used [0x0000000080000000,0x0000000084d9bd48,0x0000000084e00000)
 Metaspace       used 72420K, committed 73856K, reserved 1179648K
  class space    used 7089K, committed 7744K, reserved 1048576K
}

